<?xml version="1.0" encoding="UTF-8"?>
<testsuite name="SMSVoting.demo.SmsVotingApplicationTests" tests="1" skipped="0" failures="0" errors="0" timestamp="2015-04-17T21:57:45" hostname="neerajas-MacBook-Pro.local" time="0.001">
  <properties/>
  <testcase name="contextLoads" classname="SMSVoting.demo.SmsVotingApplicationTests" time="0.001"/>
  <system-out><![CDATA[]]></system-out>
  <system-err><![CDATA[]]></system-err>
</testsuite>
